Started by user [8mha:////4HWbE+M7S5d79Ygirfs1ZSX5QtLoyiYQ4k3ZnoYF42uRAAAAmx+LCAAAAAAAAP9b85aBtbiIQTGjNKU4P08vOT+vOD8nVc83PyU1x6OyILUoJzMv2y+/JJUBAhiZGBgqihhk0NSjKDWzXb3RdlLBUSYGJk8GtpzUvPSSDB8G5tKinBIGIZ+sxLJE/ZzEvHT94JKizLx0a6BxUmjGOUNodHsLgAzuEgZB/dLi1CL9osT0jNKSVJBRAC5oxQfGAAAA[0mraghutelang
[8mha:////4KCx/V2Pwsa2sviV0N05Y/dnLJYKkDT0S7MkDsLJ0TQKAAAAoh+LCAAAAAAAAP9tjTEOwjAQBM8BClpKHuFItIiK1krDC0x8GCfWnbEdkooX8TX+gCESFVvtrLSa5wtWKcKBo5UdUu8otU4GP9jS5Mixv3geZcdn2TIl9igbHBs2eJyx4YwwR1SwULBGaj0nRzbDRnX6rmuvydanHMu2V1A5c4MHCFXMWcf8hSnC9jqYxPTz/BXAFEIGsfuclm8zQVqFvQAAAA==[0m[Pipeline] Start of Pipeline
[8mha:////4CjqCF0yYJqJ5sdIymg+q8/kunCmWFAMFmTa6V62FuU6AAAApR+LCAAAAAAAAP9tjTEOwjAUQ3+KOrAycohUghExsUZZOEFIQkgb/d8mKe3EibgadyBQiQlLlmxL1nu+oE4RjhQdby12HpP2vA+jK4lPFLtroIm3dOGaMFGwXNpJkrGnpUrKFhaxClYC1hZ1oOTRZdiIVt1VExS65pxj2Q4CKm8GeAAThZxVzN8yR9jeRpMIf5y/AJj7DGxXvP/86jduZBmjwAAAAA==[0m[Pipeline] node
Running on [8mha:////4P2D9vC7LEI6uY7+iMQvKPxxhmZ3ApvrV5PGB/56WFa0AAAAqB+LCAAAAAAAAP9b85aBtbiIQTGjNKU4P08vOT+vOD8nVc83PyU1x6OyILUoJzMv2y+/JJUBAhiZGBgqihhk0NSjKDWzXb3RdlLBUSYGJk8GtpzUvPSSDB8G5tKinBIGIZ+sxLJE/ZzEvHT94JKizLx0a6BxUmjGOUNodHsLgAz2EgYZ/dzEvMT0VP3k/NyC0pLUIn2NpNLMnBLdzDxNfQB9z6/O0QAAAA==[0mJenkins in /var/lib/jenkins/workspace/08pipelinejob
[8mha:////4HmjqxO00ukEnmM0nV7zYB/xzLVmgqdWGBYp88Tj7UBJAAAApR+LCAAAAAAAAP9tjTEOwjAUQ3+KOrAycoh0gA0xsUZZOEFIQkgb/d8mKe3EibgadyBQiQlLlmxL1nu+oE4RjhQdby12HpP2vA+jK4lPFLtroIm3dOGaMFGwXNpJkrGnpUrKFhaxClYC1hZ1oOTRZdiIVt1VExS65pxj2Q4CKm8GeAAThZxVzN8yR9jeRpMIf5y/AJj7DGxXvP/86jfoP95RwAAAAA==[0m[Pipeline] {
[8mha:////4JKb47FtJr/CdEbOFBBopsYFkoBXahPk9JHgKlYbJlrEAAAApR+LCAAAAAAAAP9tjTEOwjAUQ3+KOrAycoh0gQkxsUZZOEFIQkgb/d8mKe3EibgadyBQiQlLlmxL1nu+oE4RjhQdby12HpP2vA+jK4lPFLtroIm3dOGaMFGwXNpJkrGnpUrKFhaxClYC1hZ1oOTRZdiIVt1VExS65pxj2Q4CKm8GeAAThZxVzN8yR9jeRpMIf5y/AJj7DGxXvP/86jc09154wAAAAA==[0m[Pipeline] stage
[8mha:////4GtzZiqaZ0kA5negb/FbTOGfkxdK7w8xSbnQ4qWX5iV+AAAApR+LCAAAAAAAAP9tjTEOwjAUQ3+KOrAycoh0ggUxsUZZOEFIQkgb/d8mKe3EibgadyBQiQlLlmxL1nu+oE4RjhQdby12HpP2vA+jK4lPFLtroIm3dOGaMFGwXNpJkrGnpUrKFhaxClYC1hZ1oOTRZdiIVt1VExS65pxj2Q4CKm8GeAAThZxVzN8yR9jeRpMIf5y/AJj7DGxXvP/86jek7ggRwAAAAA==[0m[Pipeline] { (stage1:checkout)
[8mha:////4O9wEb6YzGjnRzL4VJGz5TNpdXtuH5fdauXkX04kRJkdAAAAoh+LCAAAAAAAAP9tjTEOAiEURD9rLGwtPQTbaWGsbAmNJ0AWEZb8zwLrbuWJvJp3kLiJlZNMMm+a93rDOic4UbLcG+wdZu14DKOti0+U+lugiXu6ck2YKRguzSSpM+cFJRUDS1gDKwEbgzpQdmgLbIVXD9UGhba9lFS/o4DGdQM8gYlqLiqVL8wJdvexy4Q/z18BzLEA29ce4gfg7KmOvAAAAA==[0m[Pipeline] git
The recommended git tool is: NONE
No credentials specified
 > git rev-parse --resolve-git-dir /var/lib/jenkins/workspace/08pipelinejob/.git # timeout=10
Fetching changes from the remote Git repository
 > git config remote.origin.url https://github.com/raghavendratelang/DevOpsClassCodes.git # timeout=10
Fetching upstream changes from https://github.com/raghavendratelang/DevOpsClassCodes.git
 > git --version # timeout=10
 > git --version # 'git version 2.39.2'
 > git fetch --tags --force --progress -- https://github.com/raghavendratelang/DevOpsClassCodes.git +refs/heads/*:refs/remotes/origin/* # timeout=10
 > git rev-parse refs/remotes/origin/master^{commit} # timeout=10
Checking out Revision 94611f04f28f77e53d0a9dbf4d6ab596715e9d4c (refs/remotes/origin/master)
 > git config core.sparsecheckout # timeout=10
 > git checkout -f 94611f04f28f77e53d0a9dbf4d6ab596715e9d4c # timeout=10
 > git branch -a -v --no-abbrev # timeout=10
 > git branch -D master # timeout=10
 > git checkout -b master 94611f04f28f77e53d0a9dbf4d6ab596715e9d4c # timeout=10
Commit message: "updates jenkisnfile"
 > git rev-list --no-walk 94611f04f28f77e53d0a9dbf4d6ab596715e9d4c # timeout=10
[8mha:////4J0IDgJ6NlYg4ykuxo1IxpFH84d+/blgXsoCpoVO7YtsAAAAoh+LCAAAAAAAAP9tjTEOAiEURD9rLGwtPQTbGRNjZUtoPAGyiLDkfxZYdytP5NW8g8RNrJxkknnTvNcb1jnBiZLl3mDvMGvHYxhtXXyi1N8CTdzTlWvCTMFwaSZJnTkvKKkYWMIaWAnYGNSBskNbYCu8eqg2KLTtpaT6HQU0rhvgCUxUc1GpfGFOsLuPXSb8ef4KYI6xADvU7j9Dg2gqvAAAAA==[0m[Pipeline] }
[8mha:////4Lvb8+jAPrLifHsUuUqKA8BGxcMgzeg++tr1Wvj0TwXPAAAAoh+LCAAAAAAAAP9tjTEOAiEURD9rLGwtPQRbWRhjZUtoPAGyiLDkfxZYdytP5NW8g8RNrJxkknnTvNcb1jnBiZLl3mDvMGvHYxhtXXyi1N8CTdzTlWvCTMFwaSZJnTkvKKkYWMIaWAnYGNSBskNbYCu8eqg2KLTtpaT6HQU0rhvgCUxUc1GpfGFOsLuPXSb8ef4KYI6xADvU7j9J+wGOvAAAAA==[0m[Pipeline] // stage
[8mha:////4Ny/KmxO7bhri5F27Ry2aEM9rPYkjLUNBFYJrVF5K9+zAAAAph+LCAAAAAAAAP9tjTEOwjAQBM9BKWgpeYQDEh2iorXc8AITG+PEugv2haTiRXyNPxCIRMVWOyut5vmCMic4UPKycdgGzHWQXez91ORAqb1EGmRDZ1kTZopOajdosu44oyZ2MEcUsFCwdFhHygE9w0o15m6qaNBXJ07TtldQBHuDBwg1mdkk/sKYYH3tbSb8ef4KYOwYxI6h2G4+x/INtuQqUcEAAAA=[0m[Pipeline] stage
[8mha:////4K4GnbNt+TVlKuqBLZsSHxhPAOq2FlR7LrAKbJLl07a1AAAApR+LCAAAAAAAAP9tjTEOwjAUQ3+DOrAycoiUzoiJNerCCUITQtLo/zZJSSdOxNW4Ay2VmPBg2Zas93pDGQOcKBjuNHYWY2t570czJ54pdDdPmTu68pYwkte80bkhpc9rbShpWFUw2AjYamw9RYsmwU44+ZCVl2iqSwrzdhTArBrgCYWYyUmG9C1TgP19VJHwx/kLgKlPwOrDYvXyLD8BobDcwgAAAA==[0m[Pipeline] { (stage2:compile the code)
[8mha:////4CzMYuQdFD4JFm5oebM09ad6ZJcLOHX0OsmbbXlGoyl0AAAAox+LCAAAAAAAAP9tjTESwiAURH/iWNhaeggysXWsbBkaT4AJIoT5nwCRVJ7Iq3kH0cxYucXOvm3e8wXrGOBIQTOrcDAYO8O8m3RZLFMYro4ys3RhHWEkp5hQWVCvTgsKSgqWVDWsOGwUdo6iQZ1gy628y8ZJ1M05hfIdONSmH+EBFS/mJEP6whxgd5v6SPjz/BXA7BPUbfupvX8DpQJrNb4AAAA=[0m[Pipeline] sh
+ mvn compile
[INFO] Scanning for projects...
[WARNING] 
[WARNING] Some problems were encountered while building the effective model for com.edurekademo.tutorial:addressbook:war:2.0
[WARNING] Reporting configuration should be done in <reporting> section, not in maven-site-plugin <configuration> as reportPlugins parameter. @ line 298, column 40
[WARNING] 
[WARNING] It is highly recommended to fix these problems because they threaten the stability of your build.
[WARNING] 
[WARNING] For this reason, future Maven versions might no longer support building such malformed projects.
[WARNING] 
[INFO] 
[INFO] ----------------< com.edurekademo.tutorial:addressbook >----------------
[INFO] Building Vaadin Addressbook example 2.0
[INFO] --------------------------------[ war ]---------------------------------
[INFO] 
[INFO] --- maven-enforcer-plugin:1.0:enforce (enforce-versions) @ addressbook ---
[INFO] 
[INFO] --- maven-resources-plugin:2.6:resources (default-resources) @ addressbook ---
[INFO] Using 'UTF-8' encoding to copy filtered resources.
[INFO] skip non existing resourceDirectory /var/lib/jenkins/workspace/08pipelinejob/src/main/resources
[INFO] 
[INFO] --- maven-compiler-plugin:3.2:compile (default-compile) @ addressbook ---
[INFO] Changes detected - recompiling the module!
[INFO] Compiling 13 source files to /var/lib/jenkins/workspace/08pipelinejob/target/classes
[INFO] /var/lib/jenkins/workspace/08pipelinejob/src/main/java/com/edurekademo/tutorial/addressbook/ContactForm.java: Some input files use or override a deprecated API.
[INFO] /var/lib/jenkins/workspace/08pipelinejob/src/main/java/com/edurekademo/tutorial/addressbook/ContactForm.java: Recompile with -Xlint:deprecation for details.
[INFO] /var/lib/jenkins/workspace/08pipelinejob/src/main/java/com/edurekademo/tutorial/addressbook/backend/ContactService.java: /var/lib/jenkins/workspace/08pipelinejob/src/main/java/com/edurekademo/tutorial/addressbook/backend/ContactService.java uses unchecked or unsafe operations.
[INFO] /var/lib/jenkins/workspace/08pipelinejob/src/main/java/com/edurekademo/tutorial/addressbook/backend/ContactService.java: Recompile with -Xlint:unchecked for details.
[INFO] ------------------------------------------------------------------------
[INFO] BUILD SUCCESS
[INFO] ------------------------------------------------------------------------
[INFO] Total time:  4.970 s
[INFO] Finished at: 2023-05-08T09:45:40Z
[INFO] ------------------------------------------------------------------------
[8mha:////4CqMinLlrnyst3Hdz66MI6tUFoPhKpcRwWj8W0DcLJgiAAAAox+LCAAAAAAAAP9tjTESwiAURH/iWNhaeggyGUvHypah8QSYIEKY/wkQSeWJvJp3EM2MlVvs7NvmPV+wjgGOFDSzCgeDsTPMu0mXxTKF4eooM0sX1hFGcooJlQX16rSgoKRgSVXDisNGYecoGtQJttzKu2ycRN2cUyjfgUNt+hEeUPFiTjKkL8wBdrepj4Q/z18BzN4nqNv9p9o3geV5574AAAA=[0m[Pipeline] }
[8mha:////4C1BJT9Cl93wAS+oDpP3Al88Pmrd/gydE7YyvH79GOlCAAAApB+LCAAAAAAAAP9tjTEOwjAQBC9BFLSUPOICEh2iSmu54QUmNsaJdWdsh6TiRXyNPxCIRMUWq51t5vmCZYpw5GixNdQ5So3D4Hs7LRw4dhfPA7Z8xoYpsTcozSBZm3pGydnAnKKEhYCVocZzcmQzrEWr7qryimx1ynH6DgJKp2/wgEJM5qxi/sIYYXPtdWL6ef4KYAwhQ7nbf2r7Bq/le42+AAAA[0m[Pipeline] // stage
[8mha:////4DtD+uBog2+4eJiauJIQ6E7H0x44hc+dgQer2lrUSRClAAAAph+LCAAAAAAAAP9tjTEOwjAQBM9BKWgpeYQjJKgQFa3lhheY2Bgn1l2wLyQVL+Jr/IFAJCq22llpNc8XlDnBgZKXjcM2YK6D7GLvpyYHSu0l0iAbOsuaMFN0UrtBk3XHGTWxgzmigIWCpcM6Ug7oGVaqMXdTRYO+OnGatr2CItgbPECoycwm8RfGBOtrbzPhz/NXAGPHILYMxWb3OZZvBXXnAcEAAAA=[0m[Pipeline] stage
[8mha:////4NHK3K3a1HJFjl4KoZRecpfgZcFmmE9+sWyJLNwbCUyOAAAApx+LCAAAAAAAAP9tjTEOwjAUQ3+LOrAycohUDLAgpq5RFk4QmhDSRv+Xn5R24kRcjTvQUokJD5ZtyXqvNxSR4UTsRGOx9RhrL7rQuymJgbi9BhpEQxdRE0YKVig7KDK2WqqiZGFRlsNKwtpiHSh6dAk2stEPXQaNrjwnnrajhNybOzwhkxM5aU7fMjJsb72JhD/OXwCMXYJ8t5/tMD+LD/s94rDCAAAA[0m[Pipeline] { (stage3:unit test)
[8mha:////4D08Mv3wdUU1aUevrZ8XRpmylVvADvDmUDDQVE+/CiKKAAAApB+LCAAAAAAAAP9tjTEOwjAQBC9BFLSUPOIiGigQVVrLDS8wsTFOrDtjOyQVL+Jr/IFAJCq2WO1sM88XLFOEI0eLraHOUWocBt/baeHAsbt4HrDlMzZMib1BaQbJ2tQzSs4G5hQlLASsDDWekyObYS1adVeVV2SrU47TdxBQOn2DBxRiMmcV8xfGCJtrrxPTz/NXAGPIUG53n9qHN27Iu42+AAAA[0m[Pipeline] sh
+ mvn test
[INFO] Scanning for projects...
[WARNING] 
[WARNING] Some problems were encountered while building the effective model for com.edurekademo.tutorial:addressbook:war:2.0
[WARNING] Reporting configuration should be done in <reporting> section, not in maven-site-plugin <configuration> as reportPlugins parameter. @ line 298, column 40
[WARNING] 
[WARNING] It is highly recommended to fix these problems because they threaten the stability of your build.
[WARNING] 
[WARNING] For this reason, future Maven versions might no longer support building such malformed projects.
[WARNING] 
[INFO] 
[INFO] ----------------< com.edurekademo.tutorial:addressbook >----------------
[INFO] Building Vaadin Addressbook example 2.0
[INFO] --------------------------------[ war ]---------------------------------
[INFO] 
[INFO] --- maven-enforcer-plugin:1.0:enforce (enforce-versions) @ addressbook ---
[INFO] 
[INFO] --- maven-resources-plugin:2.6:resources (default-resources) @ addressbook ---
[INFO] Using 'UTF-8' encoding to copy filtered resources.
[INFO] skip non existing resourceDirectory /var/lib/jenkins/workspace/08pipelinejob/src/main/resources
[INFO] 
[INFO] --- maven-compiler-plugin:3.2:compile (default-compile) @ addressbook ---
[INFO] Nothing to compile - all classes are up to date
[INFO] 
[INFO] --- maven-resources-plugin:2.6:testResources (default-testResources) @ addressbook ---
[INFO] Using 'UTF-8' encoding to copy filtered resources.
[INFO] Copying 1 resource
[INFO] 
[INFO] --- maven-compiler-plugin:3.2:testCompile (default-testCompile) @ addressbook ---
[INFO] Changes detected - recompiling the module!
[INFO] Compiling 5 source files to /var/lib/jenkins/workspace/08pipelinejob/target/test-classes
[INFO] /var/lib/jenkins/workspace/08pipelinejob/src/test/java/com/edurekademo/utilities/TestGenericComparator.java: /var/lib/jenkins/workspace/08pipelinejob/src/test/java/com/edurekademo/utilities/TestGenericComparator.java uses or overrides a deprecated API that is marked for removal.
[INFO] /var/lib/jenkins/workspace/08pipelinejob/src/test/java/com/edurekademo/utilities/TestGenericComparator.java: Recompile with -Xlint:removal for details.
[INFO] 
[INFO] --- maven-surefire-plugin:2.19.1:test (default-test) @ addressbook ---

-------------------------------------------------------
 T E S T S
-------------------------------------------------------
Running com.edurekademo.utilities.TestHexAsciiConversion
74657374696e6720617363696920636f6e76657274696f6e20696e746f2068657861646563696d616c
testing ascii convertion into hexadecimal
Tests run: 4, Failures: 0, Errors: 0, Skipped: 0, Time elapsed: 0.027 sec - in com.edurekademo.utilities.TestHexAsciiConversion
Running com.edurekademo.utilities.TestLogger
SLF4J: Class path contains multiple SLF4J bindings.
SLF4J: Found binding in [jar:file:/var/lib/jenkins/.m2/repository/org/slf4j/slf4j-simple/1.7.7/slf4j-simple-1.7.7.jar!/org/slf4j/impl/StaticLoggerBinder.class]
SLF4J: Found binding in [jar:file:/var/lib/jenkins/.m2/repository/org/slf4j/slf4j-log4j12/1.7.7/slf4j-log4j12-1.7.7.jar!/org/slf4j/impl/StaticLoggerBinder.class]
SLF4J: See http://www.slf4j.org/codes.html#multiple_bindings for an explanation.
SLF4J: Actual binding is of type [org.slf4j.impl.SimpleLoggerFactory]
[pool-1-thread-5] INFO com.edurekademo.utilities.TestLogger - java.lang.ArithmeticException: / by zero
Cause:at com.edurekademo.utilities.TestLogger.testGetErrorMessage1(TestLogger.java:14)
Cause:at java.base/jdk.internal.reflect.NativeMethodAccessorImpl.invoke0(Native Method)
[pool-1-thread-6] INFO com.edurekademo.utilities.TestLogger - java.lang.ArithmeticException: / by zero
Cause:at com.edurekademo.utilities.TestLogger.testGetErrorMessage2(TestLogger.java:30)
Cause:at java.base/jdk.internal.reflect.NativeMethodAccessorImpl.invoke0(Native Method)
[pool-1-thread-7] INFO com.edurekademo.utilities.TestLogger - java.lang.ArithmeticException: / by zero
Cause:at com.edurekademo.utilities.ExceptionThrower.getCounter(ExceptionThrower.java:13)
Cause:at com.edurekademo.utilities.TestLogger.testGetErrorMessage3(TestLogger.java:45)
[pool-1-thread-8] INFO com.edurekademo.utilities.TestLogger - java.io.IOException: TESTIOEXCEPTION
Cause:at com.edurekademo.utilities.ExceptionThrower.doNothing(ExceptionThrower.java:18)
Cause:at com.edurekademo.utilities.TestLogger.testGetErrorMessage4(TestLogger.java:60)
[pool-1-thread-9] ERROR com.edurekademo.utilities.ExceptionThrower - java.lang.Exception: DEAR
Cause:at com.edurekademo.utilities.ExceptionThrower.doYYY(ExceptionThrower.java:35)
Cause:at com.edurekademo.utilities.ExceptionThrower.doXXX(ExceptionThrower.java:23)
[pool-1-thread-9] INFO com.edurekademo.utilities.TestLogger - java.lang.Exception: TEST MESSAGE
Cause:at com.edurekademo.utilities.ExceptionThrower.doCheck(ExceptionThrower.java:43)
Cause:at com.edurekademo.utilities.TestLogger.testGetErrorMessage5(TestLogger.java:75)
***** java.lang.Exception: TEST MESSAGE
Cause:at com.edurekademo.utilities.ExceptionThrower.doCheck(ExceptionThrower.java:43)
Cause:at com.edurekademo.utilities.TestLogger.testGetErrorMessage5(TestLogger.java:75)
Tests run: 5, Failures: 0, Errors: 0, Skipped: 0, Time elapsed: 0.089 sec - in com.edurekademo.utilities.TestLogger
Running com.edurekademo.utilities.TestGenericComparator
Tests run: 14, Failures: 0, Errors: 0, Skipped: 0, Time elapsed: 0.048 sec - in com.edurekademo.utilities.TestGenericComparator

Results :

Tests run: 23, Failures: 0, Errors: 0, Skipped: 0

[INFO] ------------------------------------------------------------------------
[INFO] BUILD SUCCESS
[INFO] ------------------------------------------------------------------------
[INFO] Total time:  6.051 s
[INFO] Finished at: 2023-05-08T09:45:50Z
[INFO] ------------------------------------------------------------------------
[8mha:////4BHol92qsD4KThsxcCCuTlkY5m3/MJ7Bz5zkOHgIxLmbAAAApR+LCAAAAAAAAP9tjTEOwjAQBC9BFLSUPOIiGoSEqNJabniBiY1xYt0Z2yGpeBFf4w8EIlGxxWpnm3m+YJkiHDlabA11jlLjMPjeTgsHjt3F84Atn7FhSuwNSjNI1qaeUXI2MKcoYSFgZajxnBzZDGvRqruqvCJbnXKcvoOA0ukbPKAQkzmrmL8wRthce52Yfp6/AhhDyFBu95/avQHhgNoTvgAAAA==[0m[Pipeline] }
[8mha:////4AziNLIqZlTBcXcJoltc3vwTAYycqbfY5cElXjVcedLTAAAApR+LCAAAAAAAAP9tjTEOwjAQBC9BFLSUPOIiCgqEqNJabniBiY1xYt0Z2yGpeBFf4w8EIlGxxWpnm3m+YJkiHDlabA11jlLjMPjeTgsHjt3F84Atn7FhSuwNSjNI1qaeUXI2MKcoYSFgZajxnBzZDGvRqruqvCJbnXKcvoOA0ukbPKAQkzmrmL8wRthce52Yfp6/AhhDyFBu95/avQH+Ao9BvgAAAA==[0m[Pipeline] // stage
[8mha:////4BXCIFNvcRijonzGACntRv0FGCwshZea5XC40PAjuK7tAAAAph+LCAAAAAAAAP9tjTEOwjAQBM9BKWgpeYSDEB2iorXc8AITG+PEugv2haTiRXyNPxCIRMVWOyut5vmCMic4UPKycdgGzHWQXez91ORAqb1EGmRDZ1kTZopOajdosu44oyZ2MEcUsFCwdFhHygE9w0o15m6qaNBXJ07TtldQBHuDBwg1mdkk/sKYYH3tbSb8ef4KYOwYxI6h2G4+x/INK/7CYMEAAAA=[0m[Pipeline] stage
[8mha:////4Fv/bX2S5k0Q4RxxlfqTTgp3FXBIo9gvpKBbcI/42+ofAAAAph+LCAAAAAAAAP9tjTEOwjAUQ3+LOrAycogUWBFT1ygLJwhNCGmj/8tPSjtxIq7GHWipxIQHy7ZkvdcbishwInaisdh6jLUXXejdlMRA3F4DDaKhi6gJIwUrlB0UGVstVVGysCjLYSVhbbEOFD26BBvZ6Icug0ZXnhNP21FC7s0dnpDJiZw0p28ZGba33kTCH+cvAMYuQX7Yzbafn8UHbGnGmsIAAAA=[0m[Pipeline] { (stage4:QA)
[8mha:////4JmLyhJbbQ33bR47Sb2uz9siYaOzhHwH0F5DSmHbxXVxAAAAox+LCAAAAAAAAP9tjTEOwjAQBC9BFLSUPOIi0iIqWisNLzCJMXasO8d2cCpexNf4A4FIVGyx2tlmni9YxwBHDhqtot5QbA16N+p5YebQXx1ntHzBlimyU9io3HCnTgs2nBQsKUpYCdgoah1HQzrBVlh5l5WTpKtzCvN3EFCaboAHFGI2JxnSF6YAu9vYRaaf568AJp+grPefqv0bH7uiub4AAAA=[0m[Pipeline] sh
+ mvn pmd:pmd
[INFO] Scanning for projects...
[WARNING] 
[WARNING] Some problems were encountered while building the effective model for com.edurekademo.tutorial:addressbook:war:2.0
[WARNING] Reporting configuration should be done in <reporting> section, not in maven-site-plugin <configuration> as reportPlugins parameter. @ line 298, column 40
[WARNING] 
[WARNING] It is highly recommended to fix these problems because they threaten the stability of your build.
[WARNING] 
[WARNING] For this reason, future Maven versions might no longer support building such malformed projects.
[WARNING] 
Downloading from maven-default-http-blocker: http://0.0.0.0/org/apache/maven/plugins/maven-metadata.xml
Downloading from maven-default-http-blocker: http://0.0.0.0/org/codehaus/mojo/maven-metadata.xml
[WARNING] Could not transfer metadata org.apache.maven.plugins/maven-metadata.xml from/to maven-default-http-blocker (http://0.0.0.0/): transfer failed for http://0.0.0.0/org/apache/maven/plugins/maven-metadata.xml
[WARNING] Could not transfer metadata org.codehaus.mojo/maven-metadata.xml from/to maven-default-http-blocker (http://0.0.0.0/): transfer failed for http://0.0.0.0/org/codehaus/mojo/maven-metadata.xml
Downloading from maven-default-http-blocker: http://0.0.0.0/org/apache/maven/plugins/maven-pmd-plugin/maven-metadata.xml
[WARNING] Could not transfer metadata org.apache.maven.plugins:maven-pmd-plugin/maven-metadata.xml from/to maven-default-http-blocker (http://0.0.0.0/): transfer failed for http://0.0.0.0/org/apache/maven/plugins/maven-pmd-plugin/maven-metadata.xml
[INFO] 
[INFO] ----------------< com.edurekademo.tutorial:addressbook >----------------
[INFO] Building Vaadin Addressbook example 2.0
[INFO] --------------------------------[ war ]---------------------------------
[WARNING] org.apache.maven.plugins/maven-metadata.xml failed to transfer from http://0.0.0.0/ during a previous attempt. This failure was cached in the local repository and resolution will not be reattempted until the update interval of maven-default-http-blocker has elapsed or updates are forced. Original error: Could not transfer metadata org.apache.maven.plugins/maven-metadata.xml from/to maven-default-http-blocker (http://0.0.0.0/): transfer failed for http://0.0.0.0/org/apache/maven/plugins/maven-metadata.xml
[WARNING] org.codehaus.mojo/maven-metadata.xml failed to transfer from http://0.0.0.0/ during a previous attempt. This failure was cached in the local repository and resolution will not be reattempted until the update interval of maven-default-http-blocker has elapsed or updates are forced. Original error: Could not transfer metadata org.codehaus.mojo/maven-metadata.xml from/to maven-default-http-blocker (http://0.0.0.0/): transfer failed for http://0.0.0.0/org/codehaus/mojo/maven-metadata.xml
[INFO] 
[INFO] --- maven-pmd-plugin:3.20.0:pmd (default-cli) @ addressbook ---
[WARNING] Unable to locate Source XRef to link to - DISABLED
[INFO] PMD version: 6.53.0
[INFO] Rendering content with org.apache.maven.skins:maven-default-skin:jar:1.3 skin.
[INFO] ------------------------------------------------------------------------
[INFO] BUILD SUCCESS
[INFO] ------------------------------------------------------------------------
[INFO] Total time:  8.892 s
[INFO] Finished at: 2023-05-08T09:46:01Z
[INFO] ------------------------------------------------------------------------
[8mha:////4DQBwYm4xhvjOSweiLB15ewTJJj4ItnFUtbsPSpagRQwAAAAox+LCAAAAAAAAP9tjTEOwjAQBC9BFLSUPOIioERUaS03vMDExjix7oztkFS8iK/xBwKRqNhitbPNPF+wTBGOHC22hjpHqXEYfG+nhQPH7uJ5wJbP2DAl9galGSRrU88oORuYU5SwELAy1HhOjmyGtWjVXVVeka1OOU7fQUDp9A0eUIjJnFXMXxgjbK69Tkw/z18BjCFkKHf7T23f36y8/b4AAAA=[0m[Pipeline] }
[8mha:////4HapnpSppOAgy03FK9UDRXAAxF4SkRxMf7lSBdPBujUaAAAApB+LCAAAAAAAAP9tjTEOwjAQBC9BFLSUPOKCEB2iSmu54QUmNsaJdWdsh6TiRXyNPxCIRMUWq51t5vmCZYpw5GixNdQ5So3D4Hs7LRw4dhfPA7Z8xoYpsTcozSBZm3pGydnAnKKEhYCVocZzcmQzrEWr7qryimx1ynH6DgJKp2/wgEJM5qxi/sIYYXPtdWL6ef4KYAwhQ7nbf2r7BvGsvpe+AAAA[0m[Pipeline] // stage
[8mha:////4CAPjyi7uORJl6mMZQq+BvGYcbnVeqwxaXLhRaDM6HIKAAAAph+LCAAAAAAAAP9tjTEOwjAQBM9BKWgpeYQjIagQFa3lhheY2Bgn1l2wLyQVL+Jr/IFAJCq22llpNc8XlDnBgZKXjcM2YK6D7GLvpyYHSu0l0iAbOsuaMFN0UrtBk3XHGTWxgzmigIWCpcM6Ug7oGVaqMXdTRYO+OnGatr2CItgbPECoycwm8RfGBOtrbzPhz/NXAGPHILYMxWb3OZZvmG8PMMEAAAA=[0m[Pipeline] stage
[8mha:////4HS9p7clbg8AGzDuMErrrXQL9e4kKvEYIyn1FyaFjddgAAAAqB+LCAAAAAAAAP9tjTEOwjAUQ3+LOrAycohUQoIFMXWNsnCC0ISQNvq//KS0EyfiatyBlkpMeLBsS9Z7vaGIDCdiJxqLrcdYe9GF3k1JDMTtNdAgGrqImjBSsELZQZGx1VIVJQuLshxWEtYW60DRo0uwkY1+6DJodOU58bQdJeTe3OEJmZzISXP6lpFhe+tNJPxx/gJg7BLku/1sh/lZfACW9ZT2wgAAAA==[0m[Pipeline] { (stage5:package)
[8mha:////4EXglyxvUhszIMOlYlmDrJrwHLh6dT3YkFUhZA6oYlMqAAAApR+LCAAAAAAAAP9tjTEOwjAQBC9BFLSUPOIiUUCBqNJabniBiY1xYt0Z2yGpeBFf4w8EIlGxxWpnm3m+YJkiHDlabA11jlLjMPjeTgsHjt3F84Atn7FhSuwNSjNI1qaeUXI2MKcoYSFgZajxnBzZDGvRqruqvCJbnXKcvoOA0ukbPKAQkzmrmL8wRthce52Yfp6/AhhDhnK7+9Q+vAHUcXIBvgAAAA==[0m[Pipeline] sh
+ mvn clean package
[INFO] Scanning for projects...
[WARNING] 
[WARNING] Some problems were encountered while building the effective model for com.edurekademo.tutorial:addressbook:war:2.0
[WARNING] Reporting configuration should be done in <reporting> section, not in maven-site-plugin <configuration> as reportPlugins parameter. @ line 298, column 40
[WARNING] 
[WARNING] It is highly recommended to fix these problems because they threaten the stability of your build.
[WARNING] 
[WARNING] For this reason, future Maven versions might no longer support building such malformed projects.
[WARNING] 
[INFO] 
[INFO] ----------------< com.edurekademo.tutorial:addressbook >----------------
[INFO] Building Vaadin Addressbook example 2.0
[INFO] --------------------------------[ war ]---------------------------------
[INFO] 
[INFO] --- maven-clean-plugin:2.5:clean (default-clean) @ addressbook ---
[INFO] Deleting /var/lib/jenkins/workspace/08pipelinejob/target
[INFO] 
[INFO] --- maven-enforcer-plugin:1.0:enforce (enforce-versions) @ addressbook ---
[INFO] 
[INFO] --- maven-resources-plugin:2.6:resources (default-resources) @ addressbook ---
[INFO] Using 'UTF-8' encoding to copy filtered resources.
[INFO] skip non existing resourceDirectory /var/lib/jenkins/workspace/08pipelinejob/src/main/resources
[INFO] 
[INFO] --- maven-compiler-plugin:3.2:compile (default-compile) @ addressbook ---
[INFO] Changes detected - recompiling the module!
[INFO] Compiling 13 source files to /var/lib/jenkins/workspace/08pipelinejob/target/classes
[INFO] /var/lib/jenkins/workspace/08pipelinejob/src/main/java/com/edurekademo/tutorial/addressbook/ContactForm.java: Some input files use or override a deprecated API.
[INFO] /var/lib/jenkins/workspace/08pipelinejob/src/main/java/com/edurekademo/tutorial/addressbook/ContactForm.java: Recompile with -Xlint:deprecation for details.
[INFO] /var/lib/jenkins/workspace/08pipelinejob/src/main/java/com/edurekademo/tutorial/addressbook/backend/ContactService.java: /var/lib/jenkins/workspace/08pipelinejob/src/main/java/com/edurekademo/tutorial/addressbook/backend/ContactService.java uses unchecked or unsafe operations.
[INFO] /var/lib/jenkins/workspace/08pipelinejob/src/main/java/com/edurekademo/tutorial/addressbook/backend/ContactService.java: Recompile with -Xlint:unchecked for details.
[INFO] 
[INFO] --- maven-resources-plugin:2.6:testResources (default-testResources) @ addressbook ---
[INFO] Using 'UTF-8' encoding to copy filtered resources.
[INFO] Copying 1 resource
[INFO] 
[INFO] --- maven-compiler-plugin:3.2:testCompile (default-testCompile) @ addressbook ---
[INFO] Changes detected - recompiling the module!
[INFO] Compiling 5 source files to /var/lib/jenkins/workspace/08pipelinejob/target/test-classes
[INFO] /var/lib/jenkins/workspace/08pipelinejob/src/test/java/com/edurekademo/utilities/TestGenericComparator.java: /var/lib/jenkins/workspace/08pipelinejob/src/test/java/com/edurekademo/utilities/TestGenericComparator.java uses or overrides a deprecated API that is marked for removal.
[INFO] /var/lib/jenkins/workspace/08pipelinejob/src/test/java/com/edurekademo/utilities/TestGenericComparator.java: Recompile with -Xlint:removal for details.
[INFO] 
[INFO] --- maven-surefire-plugin:2.19.1:test (default-test) @ addressbook ---

-------------------------------------------------------
 T E S T S
-------------------------------------------------------
Running com.edurekademo.utilities.TestLogger
SLF4J: Class path contains multiple SLF4J bindings.
SLF4J: Found binding in [jar:file:/var/lib/jenkins/.m2/repository/org/slf4j/slf4j-simple/1.7.7/slf4j-simple-1.7.7.jar!/org/slf4j/impl/StaticLoggerBinder.class]
SLF4J: Found binding in [jar:file:/var/lib/jenkins/.m2/repository/org/slf4j/slf4j-log4j12/1.7.7/slf4j-log4j12-1.7.7.jar!/org/slf4j/impl/StaticLoggerBinder.class]
SLF4J: See http://www.slf4j.org/codes.html#multiple_bindings for an explanation.
SLF4J: Actual binding is of type [org.slf4j.impl.SimpleLoggerFactory]
[pool-1-thread-1] INFO com.edurekademo.utilities.TestLogger - java.lang.ArithmeticException: / by zero
Cause:at com.edurekademo.utilities.TestLogger.testGetErrorMessage1(TestLogger.java:14)
Cause:at java.base/jdk.internal.reflect.NativeMethodAccessorImpl.invoke0(Native Method)
[pool-1-thread-2] INFO com.edurekademo.utilities.TestLogger - java.lang.ArithmeticException: / by zero
Cause:at com.edurekademo.utilities.TestLogger.testGetErrorMessage2(TestLogger.java:30)
Cause:at java.base/jdk.internal.reflect.NativeMethodAccessorImpl.invoke0(Native Method)
[pool-1-thread-3] INFO com.edurekademo.utilities.TestLogger - java.lang.ArithmeticException: / by zero
Cause:at com.edurekademo.utilities.ExceptionThrower.getCounter(ExceptionThrower.java:13)
Cause:at com.edurekademo.utilities.TestLogger.testGetErrorMessage3(TestLogger.java:45)
[pool-1-thread-4] INFO com.edurekademo.utilities.TestLogger - java.io.IOException: TESTIOEXCEPTION
Cause:at com.edurekademo.utilities.ExceptionThrower.doNothing(ExceptionThrower.java:18)
Cause:at com.edurekademo.utilities.TestLogger.testGetErrorMessage4(TestLogger.java:60)
[pool-1-thread-5] ERROR com.edurekademo.utilities.ExceptionThrower - java.lang.Exception: DEAR
Cause:at com.edurekademo.utilities.ExceptionThrower.doYYY(ExceptionThrower.java:35)
Cause:at com.edurekademo.utilities.ExceptionThrower.doXXX(ExceptionThrower.java:23)
[pool-1-thread-5] INFO com.edurekademo.utilities.TestLogger - java.lang.Exception: TEST MESSAGE
Cause:at com.edurekademo.utilities.ExceptionThrower.doCheck(ExceptionThrower.java:43)
Cause:at com.edurekademo.utilities.TestLogger.testGetErrorMessage5(TestLogger.java:75)
***** java.lang.Exception: TEST MESSAGE
Cause:at com.edurekademo.utilities.ExceptionThrower.doCheck(ExceptionThrower.java:43)
Cause:at com.edurekademo.utilities.TestLogger.testGetErrorMessage5(TestLogger.java:75)
Tests run: 5, Failures: 0, Errors: 0, Skipped: 0, Time elapsed: 0.044 sec - in com.edurekademo.utilities.TestLogger
Running com.edurekademo.utilities.TestHexAsciiConversion
74657374696e6720617363696920636f6e76657274696f6e20696e746f2068657861646563696d616c
testing ascii convertion into hexadecimal
Tests run: 4, Failures: 0, Errors: 0, Skipped: 0, Time elapsed: 0.034 sec - in com.edurekademo.utilities.TestHexAsciiConversion
Running com.edurekademo.utilities.TestGenericComparator
Tests run: 14, Failures: 0, Errors: 0, Skipped: 0, Time elapsed: 0.047 sec - in com.edurekademo.utilities.TestGenericComparator

Results :

Tests run: 23, Failures: 0, Errors: 0, Skipped: 0

[INFO] 
[INFO] --- maven-war-plugin:2.2:war (default-war) @ addressbook ---
[WARNING] Error injecting: org.apache.maven.plugin.war.WarMojo
com.google.inject.ProvisionException: Unable to provision, see the following errors:

1) Error injecting constructor, java.lang.ExceptionInInitializerError: Cannot access defaults field of Properties
  at org.apache.maven.plugin.war.WarMojo.<init>(Unknown Source)
  while locating org.apache.maven.plugin.war.WarMojo

1 error
    at com.google.inject.internal.InternalProvisionException.toProvisionException (InternalProvisionException.java:226)
    at com.google.inject.internal.InjectorImpl$1.get (InjectorImpl.java:1097)
    at com.google.inject.internal.InjectorImpl.getInstance (InjectorImpl.java:1131)
    at org.eclipse.sisu.space.AbstractDeferredClass.get (AbstractDeferredClass.java:48)
    at com.google.inject.internal.ProviderInternalFactory.provision (ProviderInternalFactory.java:85)
    at com.google.inject.internal.InternalFactoryToInitializableAdapter.provision (InternalFactoryToInitializableAdapter.java:57)
    at com.google.inject.internal.ProviderInternalFactory$1.call (ProviderInternalFactory.java:66)
    at com.google.inject.internal.ProvisionListenerStackCallback$Provision.provision (ProvisionListenerStackCallback.java:112)
    at com.google.inject.internal.ProvisionListenerStackCallback$Provision.provision (ProvisionListenerStackCallback.java:127)
    at com.google.inject.internal.ProvisionListenerStackCallback.provision (ProvisionListenerStackCallback.java:66)
    at com.google.inject.internal.ProviderInternalFactory.circularGet (ProviderInternalFactory.java:61)
    at com.google.inject.internal.InternalFactoryToInitializableAdapter.get (InternalFactoryToInitializableAdapter.java:47)
    at com.google.inject.internal.InjectorImpl$1.get (InjectorImpl.java:1094)
    at org.eclipse.sisu.inject.Guice4$1.get (Guice4.java:162)
    at org.eclipse.sisu.inject.LazyBeanEntry.getValue (LazyBeanEntry.java:81)
    at org.eclipse.sisu.plexus.LazyPlexusBean.getValue (LazyPlexusBean.java:51)
    at org.codehaus.plexus.DefaultPlexusContainer.lookup (DefaultPlexusContainer.java:263)
    at org.codehaus.plexus.DefaultPlexusContainer.lookup (DefaultPlexusContainer.java:255)
    at org.apache.maven.plugin.internal.DefaultMavenPluginManager.getConfiguredMojo (DefaultMavenPluginManager.java:520)
    at org.apache.maven.plugin.DefaultBuildPluginManager.executeMojo (DefaultBuildPluginManager.java:124)
    at org.apache.maven.lifecycle.internal.MojoExecutor.execute (MojoExecutor.java:210)
    at org.apache.maven.lifecycle.internal.MojoExecutor.execute (MojoExecutor.java:156)
    at org.apache.maven.lifecycle.internal.MojoExecutor.execute (MojoExecutor.java:148)
    at org.apache.maven.lifecycle.internal.LifecycleModuleBuilder.buildProject (LifecycleModuleBuilder.java:117)
    at org.apache.maven.lifecycle.internal.LifecycleModuleBuilder.buildProject (LifecycleModuleBuilder.java:81)
    at org.apache.maven.lifecycle.internal.builder.singlethreaded.SingleThreadedBuilder.build (SingleThreadedBuilder.java:56)
    at org.apache.maven.lifecycle.internal.LifecycleStarter.execute (LifecycleStarter.java:128)
    at org.apache.maven.DefaultMaven.doExecute (DefaultMaven.java:305)
    at org.apache.maven.DefaultMaven.doExecute (DefaultMaven.java:192)
    at org.apache.maven.DefaultMaven.execute (DefaultMaven.java:105)
    at org.apache.maven.cli.MavenCli.execute (MavenCli.java:972)
    at org.apache.maven.cli.MavenCli.doMain (MavenCli.java:293)
    at org.apache.maven.cli.MavenCli.main (MavenCli.java:196)
    at jdk.internal.reflect.NativeMethodAccessorImpl.invoke0 (Native Method)
    at jdk.internal.reflect.NativeMethodAccessorImpl.invoke (NativeMethodAccessorImpl.java:77)
    at jdk.internal.reflect.DelegatingMethodAccessorImpl.invoke (DelegatingMethodAccessorImpl.java:43)
    at java.lang.reflect.Method.invoke (Method.java:568)
    at org.codehaus.plexus.classworlds.launcher.Launcher.launchEnhanced (Launcher.java:282)
    at org.codehaus.plexus.classworlds.launcher.Launcher.launch (Launcher.java:225)
    at org.codehaus.plexus.classworlds.launcher.Launcher.mainWithExitCode (Launcher.java:406)
    at org.codehaus.plexus.classworlds.launcher.Launcher.main (Launcher.java:347)
Caused by: java.lang.ExceptionInInitializerError: Cannot access defaults field of Properties
    at com.thoughtworks.xstream.converters.collections.PropertiesConverter.<clinit> (PropertiesConverter.java:46)
    at com.thoughtworks.xstream.XStream.setupConverters (XStream.java:647)
    at com.thoughtworks.xstream.XStream.<init> (XStream.java:445)
    at com.thoughtworks.xstream.XStream.<init> (XStream.java:385)
    at com.thoughtworks.xstream.XStream.<init> (XStream.java:342)
    at org.apache.maven.plugin.war.util.WebappStructureSerializer.<clinit> (WebappStructureSerializer.java:47)
    at org.apache.maven.plugin.war.AbstractWarMojo.<init> (AbstractWarMojo.java:316)
    at org.apache.maven.plugin.war.WarMojo.<init> (WarMojo.java:49)
    at jdk.internal.reflect.NativeConstructorAccessorImpl.newInstance0 (Native Method)
    at jdk.internal.reflect.NativeConstructorAccessorImpl.newInstance (NativeConstructorAccessorImpl.java:77)
    at jdk.internal.reflect.DelegatingConstructorAccessorImpl.newInstance (DelegatingConstructorAccessorImpl.java:45)
    at java.lang.reflect.Constructor.newInstanceWithCaller (Constructor.java:499)
    at java.lang.reflect.Constructor.newInstance (Constructor.java:480)
    at com.google.inject.internal.DefaultConstructionProxyFactory$ReflectiveProxy.newInstance (DefaultConstructionProxyFactory.java:126)
    at com.google.inject.internal.ConstructorInjector.provision (ConstructorInjector.java:114)
    at com.google.inject.internal.ConstructorInjector.access$000 (ConstructorInjector.java:32)
    at com.google.inject.internal.ConstructorInjector$1.call (ConstructorInjector.java:98)
    at com.google.inject.internal.ProvisionListenerStackCallback$Provision.provision (ProvisionListenerStackCallback.java:112)
    at com.google.inject.internal.ProvisionListenerStackCallback$Provision.provision (ProvisionListenerStackCallback.java:127)
    at com.google.inject.internal.ProvisionListenerStackCallback.provision (ProvisionListenerStackCallback.java:66)
    at com.google.inject.internal.ConstructorInjector.construct (ConstructorInjector.java:93)
    at com.google.inject.internal.ConstructorBindingImpl$Factory.get (ConstructorBindingImpl.java:306)
    at com.google.inject.internal.InjectorImpl$1.get (InjectorImpl.java:1094)
    at com.google.inject.internal.InjectorImpl.getInstance (InjectorImpl.java:1131)
    at org.eclipse.sisu.space.AbstractDeferredClass.get (AbstractDeferredClass.java:48)
    at com.google.inject.internal.ProviderInternalFactory.provision (ProviderInternalFactory.java:85)
    at com.google.inject.internal.InternalFactoryToInitializableAdapter.provision (InternalFactoryToInitializableAdapter.java:57)
    at com.google.inject.internal.ProviderInternalFactory$1.call (ProviderInternalFactory.java:66)
    at com.google.inject.internal.ProvisionListenerStackCallback$Provision.provision (ProvisionListenerStackCallback.java:112)
    at com.google.inject.internal.ProvisionListenerStackCallback$Provision.provision (ProvisionListenerStackCallback.java:127)
    at com.google.inject.internal.ProvisionListenerStackCallback.provision (ProvisionListenerStackCallback.java:66)
    at com.google.inject.internal.ProviderInternalFactory.circularGet (ProviderInternalFactory.java:61)
    at com.google.inject.internal.InternalFactoryToInitializableAdapter.get (InternalFactoryToInitializableAdapter.java:47)
    at com.google.inject.internal.InjectorImpl$1.get (InjectorImpl.java:1094)
    at org.eclipse.sisu.inject.Guice4$1.get (Guice4.java:162)
    at org.eclipse.sisu.inject.LazyBeanEntry.getValue (LazyBeanEntry.java:81)
    at org.eclipse.sisu.plexus.LazyPlexusBean.getValue (LazyPlexusBean.java:51)
    at org.codehaus.plexus.DefaultPlexusContainer.lookup (DefaultPlexusContainer.java:263)
    at org.codehaus.plexus.DefaultPlexusContainer.lookup (DefaultPlexusContainer.java:255)
    at org.apache.maven.plugin.internal.DefaultMavenPluginManager.getConfiguredMojo (DefaultMavenPluginManager.java:520)
    at org.apache.maven.plugin.DefaultBuildPluginManager.executeMojo (DefaultBuildPluginManager.java:124)
    at org.apache.maven.lifecycle.internal.MojoExecutor.execute (MojoExecutor.java:210)
    at org.apache.maven.lifecycle.internal.MojoExecutor.execute (MojoExecutor.java:156)
    at org.apache.maven.lifecycle.internal.MojoExecutor.execute (MojoExecutor.java:148)
    at org.apache.maven.lifecycle.internal.LifecycleModuleBuilder.buildProject (LifecycleModuleBuilder.java:117)
    at org.apache.maven.lifecycle.internal.LifecycleModuleBuilder.buildProject (LifecycleModuleBuilder.java:81)
    at org.apache.maven.lifecycle.internal.builder.singlethreaded.SingleThreadedBuilder.build (SingleThreadedBuilder.java:56)
    at org.apache.maven.lifecycle.internal.LifecycleStarter.execute (LifecycleStarter.java:128)
    at org.apache.maven.DefaultMaven.doExecute (DefaultMaven.java:305)
    at org.apache.maven.DefaultMaven.doExecute (DefaultMaven.java:192)
    at org.apache.maven.DefaultMaven.execute (DefaultMaven.java:105)
    at org.apache.maven.cli.MavenCli.execute (MavenCli.java:972)
    at org.apache.maven.cli.MavenCli.doMain (MavenCli.java:293)
    at org.apache.maven.cli.MavenCli.main (MavenCli.java:196)
    at jdk.internal.reflect.NativeMethodAccessorImpl.invoke0 (Native Method)
    at jdk.internal.reflect.NativeMethodAccessorImpl.invoke (NativeMethodAccessorImpl.java:77)
    at jdk.internal.reflect.DelegatingMethodAccessorImpl.invoke (DelegatingMethodAccessorImpl.java:43)
    at java.lang.reflect.Method.invoke (Method.java:568)
    at org.codehaus.plexus.classworlds.launcher.Launcher.launchEnhanced (Launcher.java:282)
    at org.codehaus.plexus.classworlds.launcher.Launcher.launch (Launcher.java:225)
    at org.codehaus.plexus.classworlds.launcher.Launcher.mainWithExitCode (Launcher.java:406)
    at org.codehaus.plexus.classworlds.launcher.Launcher.main (Launcher.java:347)
[INFO] ------------------------------------------------------------------------
[INFO] BUILD FAILURE
[INFO] ------------------------------------------------------------------------
[INFO] Total time:  8.259 s
[INFO] Finished at: 2023-05-08T09:46:12Z
[INFO] ------------------------------------------------------------------------
[ERROR] Failed to execute goal org.apache.maven.plugins:maven-war-plugin:2.2:war (default-war) on project addressbook: Execution default-war of goal org.apache.maven.plugins:maven-war-plugin:2.2:war failed: Unable to load the mojo 'war' in the plugin 'org.apache.maven.plugins:maven-war-plugin:2.2' due to an API incompatibility: org.codehaus.plexus.component.repository.exception.ComponentLookupException: Cannot access defaults field of Properties
[ERROR] -----------------------------------------------------
[ERROR] realm =    plugin>org.apache.maven.plugins:maven-war-plugin:2.2
[ERROR] strategy = org.codehaus.plexus.classworlds.strategy.SelfFirstStrategy
[ERROR] urls[0] = file:/var/lib/jenkins/.m2/repository/org/apache/maven/plugins/maven-war-plugin/2.2/maven-war-plugin-2.2.jar
[ERROR] urls[1] = file:/var/lib/jenkins/.m2/repository/org/apache/maven/reporting/maven-reporting-api/2.0.6/maven-reporting-api-2.0.6.jar
[ERROR] urls[2] = file:/var/lib/jenkins/.m2/repository/org/apache/maven/doxia/doxia-sink-api/1.0-alpha-7/doxia-sink-api-1.0-alpha-7.jar
[ERROR] urls[3] = file:/var/lib/jenkins/.m2/repository/commons-cli/commons-cli/1.0/commons-cli-1.0.jar
[ERROR] urls[4] = file:/var/lib/jenkins/.m2/repository/org/codehaus/plexus/plexus-interactivity-api/1.0-alpha-4/plexus-interactivity-api-1.0-alpha-4.jar
[ERROR] urls[5] = file:/var/lib/jenkins/.m2/repository/org/apache/maven/maven-archiver/2.5/maven-archiver-2.5.jar
[ERROR] urls[6] = file:/var/lib/jenkins/.m2/repository/org/codehaus/plexus/plexus-io/2.0.2/plexus-io-2.0.2.jar
[ERROR] urls[7] = file:/var/lib/jenkins/.m2/repository/org/codehaus/plexus/plexus-archiver/2.1/plexus-archiver-2.1.jar
[ERROR] urls[8] = file:/var/lib/jenkins/.m2/repository/org/codehaus/plexus/plexus-interpolation/1.15/plexus-interpolation-1.15.jar
[ERROR] urls[9] = file:/var/lib/jenkins/.m2/repository/junit/junit/3.8.1/junit-3.8.1.jar
[ERROR] urls[10] = file:/var/lib/jenkins/.m2/repository/com/thoughtworks/xstream/xstream/1.3.1/xstream-1.3.1.jar
[ERROR] urls[11] = file:/var/lib/jenkins/.m2/repository/xpp3/xpp3_min/1.1.4c/xpp3_min-1.1.4c.jar
[ERROR] urls[12] = file:/var/lib/jenkins/.m2/repository/org/codehaus/plexus/plexus-utils/3.0/plexus-utils-3.0.jar
[ERROR] urls[13] = file:/var/lib/jenkins/.m2/repository/org/apache/maven/shared/maven-filtering/1.0-beta-2/maven-filtering-1.0-beta-2.jar
[ERROR] Number of foreign imports: 1
[ERROR] import: Entry[import  from realm ClassRealm[maven.api, parent: null]]
[ERROR] 
[ERROR] -----------------------------------------------------
[ERROR] 
[ERROR] -> [Help 1]
[ERROR] 
[ERROR] To see the full stack trace of the errors, re-run Maven with the -e switch.
[ERROR] Re-run Maven using the -X switch to enable full debug logging.
[ERROR] 
[ERROR] For more information about the errors and possible solutions, please read the following articles:
[ERROR] [Help 1] http://cwiki.apache.org/confluence/display/MAVEN/PluginContainerException
[8mha:////4PVKfsE5O7kaLA34gFFwIaEMUKiCUf3kA8uqLwW4cRaJAAAApR+LCAAAAAAAAP9tjTEOwjAQBC9BFLSUPOIiUSAkRJXWcsMLTGyME+vO2A5JxYv4Gn8gEImKLVY728zzBcsU4cjRYmuoc5Qah8H3dlo4cOwungds+YwNU2JvUJpBsjb1jJKzgTlFCQsBK0ON5+TIZliLVt1V5RXZ6pTj9B0ElE7f4AGFmMxZxfyFMcLm2uvE9PP8FcAYQoZyu//U7g2/yR8JvgAAAA==[0m[Pipeline] }
[8mha:////4BPRK4ipJkYgqOwKHRkB355xp8mLUGBlu6oUxQAxGloWAAAApR+LCAAAAAAAAP9tjTEOwjAQBC9BFLSUPOIiIVEgRJXWcsMLTGyME+vO2A5JxYv4Gn8gEImKLVY728zzBcsU4cjRYmuoc5Qah8H3dlo4cOwungds+YwNU2JvUJpBsjb1jJKzgTlFCQsBK0ON5+TIZliLVt1V5RXZ6pTj9B0ElE7f4AGFmMxZxfyFMcLm2uvE9PP8FcAYQoZyu//U7g2gS0pbvgAAAA==[0m[Pipeline] // stage
[8mha:////4IYJuEQLVJBAK3K49FiZ4Ch2aPHEGth7xxzgvLMFqRlOAAAAox+LCAAAAAAAAP9tjTEOwjAQBDdBFLSUPMJBgg5R0VppeIFJjHFi3QX7QlLxIr7GH4iIRMVWO9PM641lijhydKqx1HpKlVdd6N301MCxvQYeVMMXVTElDlaVdii5tqcZSxaLeVmOhcbKUhU4eXKCtW7MwxTBkCvOEid30Mh9fccTmZ7KYqJ8YYzY3Po6Mf06fwMYu06Q77aCbP8BjoqNn70AAAA=[0m[Pipeline] }
[8mha:////4HqP42uq2OKa2SaA26jD4AR3GamJdGfR7XUfcjNY075iAAAAoh+LCAAAAAAAAP9tjbEOgjAURS8YB1dHP6LEMBon14bFL6hQa6F5D9uHMPlF/pr/IJHEyTvdc5bzemOdIo4cnWotdZ5S7VUfBjc/NXLsroFH1fJF1UyJg1WVHStu7GnBisViWZZjpbGxVAdOnpxgq1vzMEUw5IqzxNkdNHLf3PFEpueymChfmCJ2t6FJTL/O3wCmvhfk5V6QlR+dNok8vQAAAA==[0m[Pipeline] // node
[8mha:////4GgSysdu8UYPl5eYTIsRPzP4Fm/xplBchYUABSEAmfucAAAAoh+LCAAAAAAAAP9tjbEOgjAURS8YB1dHP6IkOBon14bFL6hQa6F5D9uHMPlF/pr/IJHEyTvdc5bzemOdIo4cnWotdZ5S7VUfBjc/NXLsroFH1fJF1UyJg1WVHStu7GnBisViWZZjpbGxVAdOnpxgq1vzMEUw5IqzxNkdNHLf3PFEpueymChfmCJ2t6FJTL/O3wCmvhfk+1KQlR/bfC4MvQAAAA==[0m[Pipeline] End of Pipeline
ERROR: script returned exit code 1
Finished: FAILURE
